d:\cs163_finalproject_gr5\final\debug\vc142.pdb
d:\cs163_finalproject_gr5\final\debug\vc142.idb
<<<<<<< Updated upstream
=======
d:\cs163_finalproject_gr5\final\debug\search.obj
>>>>>>> Stashed changes
d:\cs163_finalproject_gr5\final\debug\function.obj
d:\cs163_finalproject_gr5\final\debug\final.obj
d:\cs163_finalproject_gr5\final\debug\init.obj
d:\cs163_finalproject_gr5\final\debug\final.ilk
d:\cs163_finalproject_gr5\final\debug\final.exe
<<<<<<< Updated upstream
d:\cs163_finalproject_gr5\final\debug\final.ilk
=======
>>>>>>> Stashed changes
d:\cs163_finalproject_gr5\final\debug\final.pdb
d:\cs163_finalproject_gr5\final\debug\final.tlog\cl.command.1.tlog
d:\cs163_finalproject_gr5\final\debug\final.tlog\cl.read.1.tlog
d:\cs163_finalproject_gr5\final\debug\final.tlog\cl.write.1.tlog
d:\cs163_finalproject_gr5\final\debug\final.tlog\link.command.1.tlog
d:\cs163_finalproject_gr5\final\debug\final.tlog\link.read.1.tlog
d:\cs163_finalproject_gr5\final\debug\final.tlog\link.write.1.tlog
